$ bun run --watch src/api/index.ts
[dotenv@17.0.0] injecting env (10) from .env – 🔐 encrypt with dotenvx: https://dotenvx.com
Started development server: http://localhost:3000
GeoIP lookup failed: 165 |         if (projectId) {
166 |             this._cachedProjectId = projectId;
167 |             return projectId;
168 |         }
169 |         else {
170 |             throw new Error(exports.GoogleAuthExceptionMessages.NO_PROJECT_ID_FOUND);
                            ^
error: Unable to detect a Project Id in the current environment. 
To learn more about authentication and Google APIs, visit: 
https://cloud.google.com/docs/authentication/getting-started
      at /Users/lorenzschrader/code/9fwr/measure-js/measure-js/node_modules/google-auth-library/build/src/auth/googleauth.js:170:23

GeoIP lookup failed: 165 |         if (projectId) {
166 |             this._cachedProjectId = projectId;
167 |             return projectId;
168 |         }
169 |         else {
170 |             throw new Error(exports.GoogleAuthExceptionMessages.NO_PROJECT_ID_FOUND);
                            ^
error: Unable to detect a Project Id in the current environment. 
To learn more about authentication and Google APIs, visit: 
https://cloud.google.com/docs/authentication/getting-started
      at /Users/lorenzschrader/code/9fwr/measure-js/measure-js/node_modules/google-auth-library/build/src/auth/googleauth.js:170:23

GeoIP lookup failed: 165 |         if (projectId) {
166 |             this._cachedProjectId = projectId;
167 |             return projectId;
168 |         }
169 |         else {
170 |             throw new Error(exports.GoogleAuthExceptionMessages.NO_PROJECT_ID_FOUND);
                            ^
error: Unable to detect a Project Id in the current environment. 
To learn more about authentication and Google APIs, visit: 
https://cloud.google.com/docs/authentication/getting-started
      at /Users/lorenzschrader/code/9fwr/measure-js/measure-js/node_modules/google-auth-library/build/src/auth/googleauth.js:170:23

GeoIP lookup failed: 165 |         if (projectId) {
166 |             this._cachedProjectId = projectId;
167 |             return projectId;
168 |         }
169 |         else {
170 |             throw new Error(exports.GoogleAuthExceptionMessages.NO_PROJECT_ID_FOUND);
                            ^
error: Unable to detect a Project Id in the current environment. 
To learn more about authentication and Google APIs, visit: 
https://cloud.google.com/docs/authentication/getting-started
      at /Users/lorenzschrader/code/9fwr/measure-js/measure-js/node_modules/google-auth-library/build/src/auth/googleauth.js:170:23

GeoIP lookup failed: 165 |         if (projectId) {
166 |             this._cachedProjectId = projectId;
167 |             return projectId;
168 |         }
169 |         else {
170 |             throw new Error(exports.GoogleAuthExceptionMessages.NO_PROJECT_ID_FOUND);
                            ^
error: Unable to detect a Project Id in the current environment. 
To learn more about authentication and Google APIs, visit: 
https://cloud.google.com/docs/authentication/getting-started
      at /Users/lorenzschrader/code/9fwr/measure-js/measure-js/node_modules/google-auth-library/build/src/auth/googleauth.js:170:23

GeoIP lookup failed: 165 |         if (projectId) {
166 |             this._cachedProjectId = projectId;
167 |             return projectId;
168 |         }
169 |         else {
170 |             throw new Error(exports.GoogleAuthExceptionMessages.NO_PROJECT_ID_FOUND);
                            ^
error: Unable to detect a Project Id in the current environment. 
To learn more about authentication and Google APIs, visit: 
https://cloud.google.com/docs/authentication/getting-started
      at /Users/lorenzschrader/code/9fwr/measure-js/measure-js/node_modules/google-auth-library/build/src/auth/googleauth.js:170:23

GeoIP lookup failed: 165 |         if (projectId) {
166 |             this._cachedProjectId = projectId;
167 |             return projectId;
168 |         }
169 |         else {
170 |             throw new Error(exports.GoogleAuthExceptionMessages.NO_PROJECT_ID_FOUND);
                            ^
error: Unable to detect a Project Id in the current environment. 
To learn more about authentication and Google APIs, visit: 
https://cloud.google.com/docs/authentication/getting-started
      at /Users/lorenzschrader/code/9fwr/measure-js/measure-js/node_modules/google-auth-library/build/src/auth/googleauth.js:170:23

GeoIP lookup failed: 165 |         if (projectId) {
166 |             this._cachedProjectId = projectId;
167 |             return projectId;
168 |         }
169 |         else {
170 |             throw new Error(exports.GoogleAuthExceptionMessages.NO_PROJECT_ID_FOUND);
                            ^
error: Unable to detect a Project Id in the current environment. 
To learn more about authentication and Google APIs, visit: 
https://cloud.google.com/docs/authentication/getting-started
      at /Users/lorenzschrader/code/9fwr/measure-js/measure-js/node_modules/google-auth-library/build/src/auth/googleauth.js:170:23

GeoIP lookup failed: 165 |         if (projectId) {
166 |             this._cachedProjectId = projectId;
167 |             return projectId;
168 |         }
169 |         else {
170 |             throw new Error(exports.GoogleAuthExceptionMessages.NO_PROJECT_ID_FOUND);
                            ^
error: Unable to detect a Project Id in the current environment. 
To learn more about authentication and Google APIs, visit: 
https://cloud.google.com/docs/authentication/getting-started
      at /Users/lorenzschrader/code/9fwr/measure-js/measure-js/node_modules/google-auth-library/build/src/auth/googleauth.js:170:23

GeoIP lookup failed: 165 |         if (projectId) {
166 |             this._cachedProjectId = projectId;
167 |             return projectId;
168 |         }
169 |         else {
170 |             throw new Error(exports.GoogleAuthExceptionMessages.NO_PROJECT_ID_FOUND);
                            ^
error: Unable to detect a Project Id in the current environment. 
To learn more about authentication and Google APIs, visit: 
https://cloud.google.com/docs/authentication/getting-started
      at /Users/lorenzschrader/code/9fwr/measure-js/measure-js/node_modules/google-auth-library/build/src/auth/googleauth.js:170:23

GeoIP lookup failed: 165 |         if (projectId) {
166 |             this._cachedProjectId = projectId;
167 |             return projectId;
168 |         }
169 |         else {
170 |             throw new Error(exports.GoogleAuthExceptionMessages.NO_PROJECT_ID_FOUND);
                            ^
error: Unable to detect a Project Id in the current environment. 
To learn more about authentication and Google APIs, visit: 
https://cloud.google.com/docs/authentication/getting-started
      at /Users/lorenzschrader/code/9fwr/measure-js/measure-js/node_modules/google-auth-library/build/src/auth/googleauth.js:170:23

GeoIP lookup failed: 165 |         if (projectId) {
166 |             this._cachedProjectId = projectId;
167 |             return projectId;
168 |         }
169 |         else {
170 |             throw new Error(exports.GoogleAuthExceptionMessages.NO_PROJECT_ID_FOUND);
                            ^
error: Unable to detect a Project Id in the current environment. 
To learn more about authentication and Google APIs, visit: 
https://cloud.google.com/docs/authentication/getting-started
      at /Users/lorenzschrader/code/9fwr/measure-js/measure-js/node_modules/google-auth-library/build/src/auth/googleauth.js:170:23

GeoIP lookup failed: 165 |         if (projectId) {
166 |             this._cachedProjectId = projectId;
167 |             return projectId;
168 |         }
169 |         else {
170 |             throw new Error(exports.GoogleAuthExceptionMessages.NO_PROJECT_ID_FOUND);
                            ^
error: Unable to detect a Project Id in the current environment. 
To learn more about authentication and Google APIs, visit: 
https://cloud.google.com/docs/authentication/getting-started
      at /Users/lorenzschrader/code/9fwr/measure-js/measure-js/node_modules/google-auth-library/build/src/auth/googleauth.js:170:23

[dotenv@17.0.0] injecting env (10) from .env – 🔐 encrypt with dotenvx: https://dotenvx.com
Started development server: http://localhost:3000
[dotenv@17.0.0] injecting env (10) from .env – 🔐 encrypt with dotenvx: https://dotenvx.com
Started development server: http://localhost:3000
[dotenv@17.0.0] injecting env (11) from .env – 🔐 encrypt with dotenvx: https://dotenvx.com
Started development server: http://localhost:3000
