-e [0;32m[2025-07-03 12:35:43][0m Starting dbt deployment process...
-e [0;32m[2025-07-03 12:35:43][0m Loading environment variables...
-e [0;34m[2025-07-03 12:35:43] INFO:[0m No .env file found at /Users/lorenzschrader/code/9fwr/measure-js/measure-js/infrastructure/.env
-e [0;32m[2025-07-03 12:35:43][0m Configuration loaded:
-e [0;32m[2025-07-03 12:35:43][0m   Project ID: ga4-9fwr
-e [0;32m[2025-07-03 12:35:43][0m   Region: europe-west3
-e [0;32m[2025-07-03 12:35:43][0m   Job Name: measure-dbt-job
-e [0;32m[2025-07-03 12:35:43][0m   Service Account: measure-dbt-sa@ga4-9fwr.iam.gserviceaccount.com
-e [0;32m[2025-07-03 12:35:43][0m Validating environment...
-e [0;32m[2025-07-03 12:36:25][0m Starting dbt deployment process...
-e [0;32m[2025-07-03 12:36:25][0m Loading environment variables...
-e [0;32m[2025-07-03 12:36:25][0m Loading environment variables from /Users/lorenzschrader/code/9fwr/measure-js/measure-js/.env...
-e [0;32m[2025-07-03 12:36:25][0m Configuration loaded:
-e [0;32m[2025-07-03 12:36:25][0m   Project ID: ga4-9fwr
-e [0;32m[2025-07-03 12:36:25][0m   Region: europe-west3
-e [0;32m[2025-07-03 12:36:25][0m   Job Name: measure-dbt-job
-e [0;32m[2025-07-03 12:36:25][0m   Service Account: measure-dbt-sa@ga4-9fwr.iam.gserviceaccount.com
-e [0;32m[2025-07-03 12:36:25][0m Validating environment...
-e [0;32m[2025-07-03 12:36:25][0m All required environment variables are set
-e [0;32m[2025-07-03 12:36:25][0m Checking dependencies...
-e [0;32m[2025-07-03 12:36:25][0m All dependencies are available
-e [0;32m[2025-07-03 12:36:25][0m Validating dbt Dockerfile...
-e [1;33m[2025-07-03 12:36:25] WARNING:[0m dbt profiles directory not found at: data/dbt/profiles
-e [1;33m[2025-07-03 12:36:25] WARNING:[0m dbt models directory not found at: data/dbt/models
-e [0;32m[2025-07-03 12:36:25][0m dbt Dockerfile validation completed
-e [0;32m[2025-07-03 12:36:25][0m Checking GCP authentication...
-e [0;32m[2025-07-03 12:36:26][0m Authenticated as: lorenz@9fwr.com
-e [0;32m[2025-07-03 12:36:26][0m Setting up GCP project...
-e [0;32m[2025-07-03 12:36:29][0m Project 'ga4-9fwr' is active
-e [0;32m[2025-07-03 12:36:29][0m Enabling required GCP services...
-e [0;32m[2025-07-03 12:36:30][0m Enabled service: run.googleapis.com
-e [0;32m[2025-07-03 12:36:32][0m Enabled service: cloudbuild.googleapis.com
-e [0;32m[2025-07-03 12:36:33][0m Enabled service: bigquery.googleapis.com
-e [0;32m[2025-07-03 12:36:33][0m Setting up service account for dbt job...
-e [0;32m[2025-07-03 12:36:34][0m Service account 'measure-dbt-sa@ga4-9fwr.iam.gserviceaccount.com' already exists
-e [0;32m[2025-07-03 12:36:34][0m Configuring BigQuery permissions...
-e [0;32m[2025-07-03 12:36:35][0m Role 'roles/bigquery.dataEditor' already granted
-e [0;32m[2025-07-03 12:37:07][0m Granted role: roles/bigquery.jobUser
-e [0;32m[2025-07-03 12:37:07][0m Building dbt Docker image...
-e [0;31m[2025-07-03 12:37:09] ERROR:[0m Failed to build dbt image
-e [0;32m[2025-07-03 12:39:49][0m Starting dbt deployment process...
-e [0;32m[2025-07-03 12:39:49][0m Loading environment variables...
-e [0;32m[2025-07-03 12:39:49][0m Loading environment variables from /Users/lorenzschrader/code/9fwr/measure-js/measure-js/.env...
-e [0;32m[2025-07-03 12:39:49][0m Configuration loaded:
-e [0;32m[2025-07-03 12:39:49][0m   Project ID: ga4-9fwr
-e [0;32m[2025-07-03 12:39:49][0m   Region: europe-west3
-e [0;32m[2025-07-03 12:39:49][0m   Job Name: measure-dbt-job
-e [0;32m[2025-07-03 12:39:49][0m   Service Account: measure-dbt-sa@ga4-9fwr.iam.gserviceaccount.com
-e [0;32m[2025-07-03 12:39:49][0m Validating environment...
-e [0;32m[2025-07-03 12:39:49][0m All required environment variables are set
-e [0;32m[2025-07-03 12:39:49][0m Checking dependencies...
-e [0;32m[2025-07-03 12:39:49][0m All dependencies are available
-e [0;32m[2025-07-03 12:39:49][0m Validating dbt Dockerfile...
-e [0;32m[2025-07-03 12:39:49][0m dbt Dockerfile validation completed
-e [0;32m[2025-07-03 12:39:49][0m Checking GCP authentication...
-e [0;32m[2025-07-03 12:39:50][0m Authenticated as: lorenz@9fwr.com
-e [0;32m[2025-07-03 12:39:50][0m Setting up GCP project...
-e [0;32m[2025-07-03 12:39:51][0m Project 'ga4-9fwr' is active
-e [0;32m[2025-07-03 12:39:51][0m Enabling required GCP services...
-e [0;32m[2025-07-03 12:39:53][0m Enabled service: run.googleapis.com
-e [0;32m[2025-07-03 12:39:54][0m Enabled service: cloudbuild.googleapis.com
-e [0;32m[2025-07-03 12:39:56][0m Enabled service: bigquery.googleapis.com
-e [0;32m[2025-07-03 12:39:56][0m Setting up service account for dbt job...
-e [0;32m[2025-07-03 12:39:56][0m Service account 'measure-dbt-sa@ga4-9fwr.iam.gserviceaccount.com' already exists
-e [0;32m[2025-07-03 12:39:56][0m Configuring BigQuery permissions...
-e [0;32m[2025-07-03 12:39:57][0m Role 'roles/bigquery.dataEditor' already granted
-e [0;32m[2025-07-03 12:39:59][0m Role 'roles/bigquery.jobUser' already granted
-e [0;32m[2025-07-03 12:39:59][0m Building dbt Docker image...
-e [0;31m[2025-07-03 12:40:01] ERROR:[0m Failed to build dbt image
-e [0;32m[2025-07-03 12:42:31][0m Starting dbt deployment process...
-e [0;32m[2025-07-03 12:42:31][0m Loading environment variables...
-e [0;32m[2025-07-03 12:42:31][0m Loading environment variables from /Users/lorenzschrader/code/9fwr/measure-js/measure-js/.env...
-e [0;32m[2025-07-03 12:42:31][0m Configuration loaded:
-e [0;32m[2025-07-03 12:42:31][0m   Project ID: ga4-9fwr
-e [0;32m[2025-07-03 12:42:31][0m   Region: europe-west3
-e [0;32m[2025-07-03 12:42:31][0m   Job Name: measure-dbt-job
-e [0;32m[2025-07-03 12:42:31][0m   Service Account: measure-dbt-sa@ga4-9fwr.iam.gserviceaccount.com
-e [0;32m[2025-07-03 12:42:31][0m Validating environment...
-e [0;32m[2025-07-03 12:42:31][0m All required environment variables are set
-e [0;32m[2025-07-03 12:42:31][0m Checking dependencies...
-e [0;32m[2025-07-03 12:42:32][0m All dependencies are available
-e [0;32m[2025-07-03 12:42:32][0m Validating dbt Dockerfile...
-e [0;32m[2025-07-03 12:42:32][0m dbt Dockerfile validation completed
-e [0;32m[2025-07-03 12:42:32][0m Checking GCP authentication...
-e [0;32m[2025-07-03 12:42:32][0m Authenticated as: lorenz@9fwr.com
-e [0;32m[2025-07-03 12:42:32][0m Setting up GCP project...
-e [0;32m[2025-07-03 12:42:35][0m Project 'ga4-9fwr' is active
-e [0;32m[2025-07-03 12:42:35][0m Enabling required GCP services...
-e [0;32m[2025-07-03 12:42:36][0m Enabled service: run.googleapis.com
-e [0;32m[2025-07-03 12:42:38][0m Enabled service: cloudbuild.googleapis.com
-e [0;32m[2025-07-03 12:42:39][0m Enabled service: bigquery.googleapis.com
-e [0;32m[2025-07-03 12:42:39][0m Setting up service account for dbt job...
-e [0;32m[2025-07-03 12:42:40][0m Service account 'measure-dbt-sa@ga4-9fwr.iam.gserviceaccount.com' already exists
-e [0;32m[2025-07-03 12:42:40][0m Configuring BigQuery permissions...
-e [0;32m[2025-07-03 12:42:41][0m Role 'roles/bigquery.dataEditor' already granted
-e [0;32m[2025-07-03 12:42:42][0m Role 'roles/bigquery.jobUser' already granted
-e [0;32m[2025-07-03 12:42:42][0m Building dbt Docker image...
-e [0;31m[2025-07-03 12:42:45] ERROR:[0m Failed to build dbt image
-e [0;32m[2025-07-03 12:46:13][0m Loading environment variables from /Users/lorenzschrader/code/9fwr/measure-js/measure-js/.env...
-e [0;32m[2025-07-03 12:46:13][0m Starting dbt deployment process...
-e [0;32m[2025-07-03 12:46:13][0m Validating environment variables...
-e [0;32m[2025-07-03 12:46:13][0m All required environment variables are set
-e [0;32m[2025-07-03 12:46:13][0m Checking dependencies...
-e [0;32m[2025-07-03 12:46:13][0m All dependencies are available
-e [0;32m[2025-07-03 12:46:13][0m Validating dbt Dockerfile...
-e [0;32m[2025-07-03 12:46:13][0m dbt Dockerfile validation completed
-e [0;32m[2025-07-03 12:46:13][0m Checking GCP authentication...
-e [0;32m[2025-07-03 12:46:14][0m Authenticated as: lorenz@9fwr.com
-e [0;32m[2025-07-03 12:46:15][0m User has sufficient permissions
-e [0;32m[2025-07-03 12:46:15][0m Setting up GCP project...
-e [0;32m[2025-07-03 12:46:16][0m Project 'ga4-9fwr' exists
-e [0;32m[2025-07-03 12:46:17][0m Checking billing status...
-e [0;32m[2025-07-03 12:46:18][0m Billing is enabled
-e [0;32m[2025-07-03 12:46:18][0m Enabling required GCP services...
-e [0;32m[2025-07-03 12:46:19][0m Enabled service: run.googleapis.com
-e [0;32m[2025-07-03 12:46:21][0m Enabled service: cloudbuild.googleapis.com
-e [0;32m[2025-07-03 12:46:22][0m Enabled service: bigquery.googleapis.com
-e [0;32m[2025-07-03 12:46:24][0m Enabled service: cloudscheduler.googleapis.com
-e [0;32m[2025-07-03 12:46:24][0m Setting up service account for dbt job...
-e [0;32m[2025-07-03 12:46:25][0m Service account 'measure-dbt-sa@ga4-9fwr.iam.gserviceaccount.com' exists
-e [0;32m[2025-07-03 12:46:25][0m Configuring BigQuery permissions...
-e [0;32m[2025-07-03 12:46:26][0m Role 'roles/bigquery.dataEditor' already granted
-e [0;32m[2025-07-03 12:46:28][0m Role 'roles/bigquery.jobUser' already granted
-e [0;32m[2025-07-03 12:46:28][0m Building dbt Docker image...
-e [0;31m[2025-07-03 12:46:30] ERROR:[0m Failed to build dbt image
-e [0;32m[2025-07-03 12:47:50][0m Loading environment variables from /Users/lorenzschrader/code/9fwr/measure-js/measure-js/.env...
-e [0;32m[2025-07-03 12:47:50][0m Starting dbt deployment process...
-e [0;32m[2025-07-03 12:47:50][0m Validating environment variables...
-e [0;32m[2025-07-03 12:47:50][0m All required environment variables are set
-e [0;32m[2025-07-03 12:47:50][0m Checking dependencies...
-e [0;32m[2025-07-03 12:47:50][0m All dependencies are available
-e [0;32m[2025-07-03 12:47:50][0m Validating dbt Dockerfile...
-e [0;31m[2025-07-03 12:47:50] ERROR:[0m dbt Dockerfile not found at: /Users/lorenzschrader/code/9fwr/measure-js/measure-js/data/dbt/Dockerfile.dbt
-e [0;32m[2025-07-03 12:48:16][0m Loading environment variables from /Users/lorenzschrader/code/9fwr/measure-js/measure-js/.env...
-e [0;32m[2025-07-03 12:48:16][0m Starting dbt deployment process...
-e [0;32m[2025-07-03 12:48:16][0m Validating environment variables...
-e [0;32m[2025-07-03 12:48:16][0m All required environment variables are set
-e [0;32m[2025-07-03 12:48:16][0m Checking dependencies...
-e [0;32m[2025-07-03 12:48:16][0m All dependencies are available
-e [0;32m[2025-07-03 12:48:16][0m Validating dbt Dockerfile...
-e [0;32m[2025-07-03 12:48:16][0m dbt Dockerfile validation completed
-e [0;32m[2025-07-03 12:48:16][0m Checking GCP authentication...
-e [0;32m[2025-07-03 12:48:16][0m Authenticated as: lorenz@9fwr.com
-e [0;32m[2025-07-03 12:48:18][0m User has sufficient permissions
-e [0;32m[2025-07-03 12:48:18][0m Setting up GCP project...
-e [0;32m[2025-07-03 12:48:18][0m Project 'ga4-9fwr' exists
-e [0;32m[2025-07-03 12:48:19][0m Checking billing status...
-e [0;32m[2025-07-03 12:48:21][0m Billing is enabled
-e [0;32m[2025-07-03 12:48:21][0m Enabling required GCP services...
-e [0;32m[2025-07-03 12:48:22][0m Enabled service: run.googleapis.com
-e [0;32m[2025-07-03 12:48:24][0m Enabled service: cloudbuild.googleapis.com
-e [0;32m[2025-07-03 12:48:25][0m Enabled service: bigquery.googleapis.com
-e [0;32m[2025-07-03 12:48:27][0m Enabled service: cloudscheduler.googleapis.com
-e [0;32m[2025-07-03 12:48:27][0m Setting up service account for dbt job...
-e [0;32m[2025-07-03 12:48:28][0m Service account 'measure-dbt-sa@ga4-9fwr.iam.gserviceaccount.com' exists
-e [0;32m[2025-07-03 12:48:28][0m Configuring BigQuery permissions...
-e [0;32m[2025-07-03 12:48:29][0m Role 'roles/bigquery.dataEditor' already granted
-e [0;32m[2025-07-03 12:48:31][0m Role 'roles/bigquery.jobUser' already granted
-e [0;32m[2025-07-03 12:48:31][0m Building dbt Docker image...
-e [0;32m[2025-07-03 12:50:02][0m dbt image built successfully: gcr.io/ga4-9fwr/measure-dbt-job
-e [0;32m[2025-07-03 12:50:02][0m Creating Cloud Run job...
-e [0;32m[2025-07-03 12:50:03][0m Creating new Cloud Run job...
-e [0;32m[2025-07-03 12:50:05][0m Cloud Run job created successfully
-e [0;32m[2025-07-03 12:50:12][0m Setting up Cloud Scheduler...
-e [0;32m[2025-07-03 12:50:13][0m Creating new scheduler job...
-e [0;32m[2025-07-03 12:50:18][0m Scheduler job created successfully
-e [0;32m[2025-07-03 12:50:23][0m Testing dbt deployment...
-e [0;32m[2025-07-03 12:50:23][0m Running test execution...
-e [0;32m[2025-07-03 12:50:50][0m Test execution completed: measure-dbt-job-hsmhr
-e [0;32m[2025-07-03 12:50:50][0m Recent execution logs:
-e [0;32m[2025-07-03 12:50:52][0m dbt deployment completed successfully!
-e [0;32m[2025-07-03 12:50:52][0m Deployment process completed successfully!
-e [0;32m[2025-07-03 12:50:52][0m Check the full log at: /Users/lorenzschrader/code/9fwr/measure-js/measure-js/infrastructure/scripts/dbt_deploy.log
-e [0;32m[2025-07-03 12:53:50][0m Loading environment variables from /Users/lorenzschrader/code/9fwr/measure-js/measure-js/.env...
-e [0;32m[2025-07-03 12:53:50][0m Starting dbt deployment process...
-e [0;32m[2025-07-03 12:53:50][0m Validating environment variables...
-e [0;32m[2025-07-03 12:53:50][0m All required environment variables are set
-e [0;32m[2025-07-03 12:53:50][0m Checking dependencies...
-e [0;32m[2025-07-03 12:53:50][0m All dependencies are available
-e [0;32m[2025-07-03 12:53:50][0m Validating dbt Dockerfile...
-e [0;32m[2025-07-03 12:53:50][0m dbt Dockerfile validation completed
-e [0;32m[2025-07-03 12:53:50][0m Checking GCP authentication...
-e [0;32m[2025-07-03 12:53:50][0m Authenticated as: lorenz@9fwr.com
-e [0;32m[2025-07-03 12:53:51][0m User has sufficient permissions
-e [0;32m[2025-07-03 12:53:51][0m Setting up GCP project...
-e [0;32m[2025-07-03 12:53:53][0m Project 'ga4-9fwr' exists
-e [0;32m[2025-07-03 12:53:54][0m Checking billing status...
-e [0;32m[2025-07-03 12:53:55][0m Billing is enabled
-e [0;32m[2025-07-03 12:53:55][0m Enabling required GCP services...
-e [0;32m[2025-07-03 12:53:57][0m Enabled service: run.googleapis.com
-e [0;32m[2025-07-03 12:53:58][0m Enabled service: cloudbuild.googleapis.com
-e [0;32m[2025-07-03 12:54:00][0m Enabled service: bigquery.googleapis.com
-e [0;32m[2025-07-03 12:54:01][0m Enabled service: cloudscheduler.googleapis.com
-e [0;32m[2025-07-03 12:54:01][0m Setting up service account for dbt job...
-e [0;32m[2025-07-03 12:54:02][0m Service account 'measure-dbt-sa@ga4-9fwr.iam.gserviceaccount.com' exists
-e [0;32m[2025-07-03 12:54:02][0m Configuring BigQuery permissions...
-e [0;32m[2025-07-03 12:54:03][0m Role 'roles/bigquery.dataEditor' already granted
-e [0;32m[2025-07-03 12:54:04][0m Role 'roles/bigquery.jobUser' already granted
-e [0;32m[2025-07-03 12:54:04][0m Building dbt Docker image...
-e [0;32m[2025-07-03 12:55:34][0m dbt image built successfully: gcr.io/ga4-9fwr/measure-dbt-job
-e [0;32m[2025-07-03 12:55:34][0m Creating Cloud Run job...
-e [0;32m[2025-07-03 12:55:35][0m Updating existing Cloud Run job...
-e [0;31m[2025-07-03 12:55:35] ERROR:[0m Failed to update Cloud Run job
-e [0;32m[2025-07-03 12:57:25][0m Loading environment variables from /Users/lorenzschrader/code/9fwr/measure-js/measure-js/.env...
-e [0;32m[2025-07-03 12:57:25][0m Starting dbt deployment process...
-e [0;32m[2025-07-03 12:57:25][0m Validating environment variables...
-e [0;32m[2025-07-03 12:57:25][0m All required environment variables are set
-e [0;32m[2025-07-03 12:57:25][0m Checking dependencies...
-e [0;32m[2025-07-03 12:57:25][0m All dependencies are available
-e [0;32m[2025-07-03 12:57:25][0m Validating dbt Dockerfile...
-e [0;32m[2025-07-03 12:57:25][0m dbt Dockerfile validation completed
-e [0;32m[2025-07-03 12:57:25][0m Checking GCP authentication...
-e [0;32m[2025-07-03 12:57:26][0m Authenticated as: lorenz@9fwr.com
-e [0;32m[2025-07-03 12:57:28][0m User has sufficient permissions
-e [0;32m[2025-07-03 12:57:28][0m Setting up GCP project...
-e [0;32m[2025-07-03 12:57:29][0m Project 'ga4-9fwr' exists
-e [0;32m[2025-07-03 12:57:29][0m Checking billing status...
-e [0;32m[2025-07-03 12:57:31][0m Billing is enabled
-e [0;32m[2025-07-03 12:57:31][0m Enabling required GCP services...
-e [0;32m[2025-07-03 12:57:32][0m Enabled service: run.googleapis.com
-e [0;32m[2025-07-03 12:57:34][0m Enabled service: cloudbuild.googleapis.com
-e [0;32m[2025-07-03 12:57:35][0m Enabled service: bigquery.googleapis.com
-e [0;32m[2025-07-03 12:57:37][0m Enabled service: cloudscheduler.googleapis.com
-e [0;32m[2025-07-03 12:57:37][0m Setting up service account for dbt job...
-e [0;32m[2025-07-03 12:57:38][0m Service account 'measure-dbt-sa@ga4-9fwr.iam.gserviceaccount.com' exists
-e [0;32m[2025-07-03 12:57:38][0m Configuring BigQuery permissions...
-e [0;32m[2025-07-03 12:57:39][0m Role 'roles/bigquery.dataEditor' already granted
-e [0;32m[2025-07-03 12:57:40][0m Role 'roles/bigquery.jobUser' already granted
-e [0;32m[2025-07-03 12:57:40][0m Building dbt Docker image...
-e [0;32m[2025-07-03 12:59:04][0m dbt image built successfully: gcr.io/ga4-9fwr/measure-dbt-job
-e [0;32m[2025-07-03 12:59:04][0m Creating Cloud Run job...
-e [0;32m[2025-07-03 12:59:05][0m Updating existing Cloud Run job...
-e [0;32m[2025-07-03 12:59:08][0m Cloud Run job updated successfully
-e [0;32m[2025-07-03 12:59:26][0m Setting up Cloud Scheduler...
-e [0;32m[2025-07-03 12:59:27][0m Updating existing scheduler job...
-e [0;32m[2025-07-03 12:59:28][0m Scheduler job updated successfully
-e [0;32m[2025-07-03 12:59:28][0m Testing dbt deployment...
-e [0;32m[2025-07-03 12:59:28][0m Running test execution...
-e [0;32m[2025-07-03 13:00:02][0m Test execution completed: measure-dbt-job-5ws9g
-e [0;32m[2025-07-03 13:00:02][0m Recent execution logs:
-e [0;32m[2025-07-03 13:00:04][0m dbt deployment completed successfully!
-e [0;32m[2025-07-03 13:00:04][0m Deployment process completed successfully!
-e [0;32m[2025-07-03 13:00:04][0m Check the full log at: /Users/lorenzschrader/code/9fwr/measure-js/measure-js/infrastructure/scripts/dbt_deploy.log
-e [0;32m[2025-07-03 13:18:24][0m Loading environment variables from /Users/lorenzschrader/code/9fwr/measure-js/measure-js/.env...
-e [0;32m[2025-07-03 13:18:24][0m Starting dbt deployment process...
-e [0;32m[2025-07-03 13:18:24][0m Validating environment variables...
-e [0;32m[2025-07-03 13:18:24][0m All required environment variables are set
-e [0;32m[2025-07-03 13:18:24][0m Checking dependencies...
-e [0;32m[2025-07-03 13:18:24][0m All dependencies are available
-e [0;32m[2025-07-03 13:18:24][0m Validating dbt Dockerfile...
-e [0;32m[2025-07-03 13:18:24][0m dbt Dockerfile validation completed
-e [0;32m[2025-07-03 13:18:24][0m Checking GCP authentication...
-e [0;32m[2025-07-03 13:18:25][0m Authenticated as: lorenz@9fwr.com
-e [0;32m[2025-07-03 13:18:26][0m User has sufficient permissions
-e [0;32m[2025-07-03 13:18:26][0m Setting up GCP project...
-e [0;32m[2025-07-03 13:18:27][0m Project 'ga4-9fwr' exists
-e [0;32m[2025-07-03 13:18:27][0m Checking billing status...
-e [0;32m[2025-07-03 13:18:29][0m Billing is enabled
-e [0;32m[2025-07-03 13:18:29][0m Enabling required GCP services...
-e [0;32m[2025-07-03 13:18:30][0m Enabled service: run.googleapis.com
-e [0;32m[2025-07-03 13:18:31][0m Enabled service: cloudbuild.googleapis.com
-e [0;32m[2025-07-03 13:18:33][0m Enabled service: bigquery.googleapis.com
-e [0;32m[2025-07-03 13:18:34][0m Enabled service: cloudscheduler.googleapis.com
-e [0;32m[2025-07-03 13:18:34][0m Setting up service account for dbt job...
-e [0;32m[2025-07-03 13:18:36][0m Service account 'measure-dbt-sa@ga4-9fwr.iam.gserviceaccount.com' exists
-e [0;32m[2025-07-03 13:18:36][0m Configuring BigQuery permissions...
-e [0;32m[2025-07-03 13:18:37][0m Role 'roles/bigquery.dataEditor' already granted
-e [0;32m[2025-07-03 13:18:38][0m Role 'roles/bigquery.jobUser' already granted
-e [0;32m[2025-07-03 13:18:39][0m Role 'roles/bigquery.user' already granted
-e [0;32m[2025-07-03 13:18:40][0m Role 'roles/run.invoker' already granted
-e [0;32m[2025-07-03 13:18:40][0m Configuring dataset-specific permissions...
-e [0;31m[2025-07-03 13:18:42] ERROR:[0m Failed to grant dataset write permissions
-e [0;32m[2025-07-03 14:07:33][0m Loading environment variables from /Users/lorenzschrader/code/9fwr/measure-js/measure-js/.env...
-e [0;32m[2025-07-03 14:07:33][0m Starting dbt deployment process...
-e [0;32m[2025-07-03 14:07:33][0m Validating environment variables...
-e [0;32m[2025-07-03 14:07:33][0m All required environment variables are set
-e [0;32m[2025-07-03 14:07:33][0m Checking dependencies...
-e [0;32m[2025-07-03 14:07:33][0m All dependencies are available
-e [0;32m[2025-07-03 14:07:33][0m Checking BigQuery authentication...
-e [0;32m[2025-07-03 14:07:35][0m BigQuery authentication verified
-e [0;32m[2025-07-03 14:07:35][0m Validating dbt Dockerfile...
-e [0;32m[2025-07-03 14:07:35][0m dbt Dockerfile validation completed
-e [0;32m[2025-07-03 14:07:35][0m Checking GCP authentication...
-e [0;32m[2025-07-03 14:07:35][0m Authenticated as: lorenz@9fwr.com
-e [0;32m[2025-07-03 14:07:37][0m User has sufficient permissions
-e [0;32m[2025-07-03 14:07:37][0m Setting up GCP project...
-e [0;32m[2025-07-03 14:07:38][0m Project 'ga4-9fwr' exists
-e [0;32m[2025-07-03 14:07:39][0m Checking billing status...
-e [0;32m[2025-07-03 14:07:40][0m Billing is enabled
-e [0;32m[2025-07-03 14:07:40][0m Enabling required GCP services...
-e [0;32m[2025-07-03 14:07:41][0m Enabled service: run.googleapis.com
-e [0;32m[2025-07-03 14:07:42][0m Enabled service: cloudbuild.googleapis.com
-e [0;32m[2025-07-03 14:07:43][0m Enabled service: bigquery.googleapis.com
-e [0;32m[2025-07-03 14:07:44][0m Enabled service: cloudscheduler.googleapis.com
-e [0;32m[2025-07-03 14:07:44][0m Setting up service account for dbt job...
-e [0;32m[2025-07-03 14:07:45][0m Service account 'measure-dbt-sa@ga4-9fwr.iam.gserviceaccount.com' exists
-e [0;32m[2025-07-03 14:07:45][0m Configuring BigQuery permissions...
-e [0;32m[2025-07-03 14:07:46][0m Role 'roles/bigquery.dataEditor' already granted
-e [0;32m[2025-07-03 14:07:47][0m Role 'roles/bigquery.jobUser' already granted
-e [0;32m[2025-07-03 14:07:49][0m Role 'roles/bigquery.user' already granted
-e [0;32m[2025-07-03 14:07:50][0m Role 'roles/run.invoker' already granted
-e [0;32m[2025-07-03 14:07:50][0m Configuring dataset-specific permissions...
-e [0;32m[2025-07-03 14:07:52][0m Dataset 'measure_js_analytics' exists, granting write permissions...
-e [1;33m[2025-07-03 14:07:53] WARNING:[0m Failed to grant dataset write permissions (may already exist)
-e [0;32m[2025-07-03 14:07:53][0m BigQuery permissions configured successfully
-e [0;32m[2025-07-03 14:07:53][0m Configuring Cloud Run permissions...
-e [0;32m[2025-07-03 14:07:54][0m Cloud Run Invoker role already granted
-e [0;32m[2025-07-03 14:07:54][0m Granting self-invocation permissions...
-e [0;32m[2025-07-03 14:07:56][0m Cloud Run permissions configured successfully
-e [0;32m[2025-07-03 14:07:56][0m Building dbt Docker image...
-e [0;32m[2025-07-03 14:08:56][0m dbt image built successfully: gcr.io/ga4-9fwr/measure-dbt-job
-e [0;32m[2025-07-03 14:08:56][0m Creating Cloud Run job...
-e [0;32m[2025-07-03 14:08:57][0m Updating existing Cloud Run job...
-e [0;32m[2025-07-03 14:09:00][0m Cloud Run job updated successfully
-e [0;32m[2025-07-03 14:13:53][0m Loading environment variables from /Users/lorenzschrader/code/9fwr/measure-js/measure-js/.env...
-e [0;32m[2025-07-03 14:13:53][0m Starting dbt deployment process...
-e [0;32m[2025-07-03 14:13:53][0m Validating environment variables...
-e [0;32m[2025-07-03 14:13:53][0m All required environment variables are set
-e [0;32m[2025-07-03 14:13:53][0m Checking dependencies...
-e [0;32m[2025-07-03 14:13:53][0m All dependencies are available
-e [0;32m[2025-07-03 14:13:53][0m Checking BigQuery authentication...
-e [0;32m[2025-07-03 14:13:55][0m BigQuery authentication verified
-e [0;32m[2025-07-03 14:13:55][0m Validating dbt Dockerfile...
-e [0;32m[2025-07-03 14:13:55][0m dbt Dockerfile validation completed
-e [0;32m[2025-07-03 14:13:55][0m Checking GCP authentication...
-e [0;32m[2025-07-03 14:13:56][0m Authenticated as: lorenz@9fwr.com
-e [0;32m[2025-07-03 14:13:57][0m User has sufficient permissions
-e [0;32m[2025-07-03 14:13:57][0m Setting up GCP project...
-e [0;32m[2025-07-03 14:13:58][0m Project 'ga4-9fwr' exists
-e [0;32m[2025-07-03 14:13:59][0m Checking billing status...
-e [0;32m[2025-07-03 14:14:00][0m Billing is enabled
-e [0;32m[2025-07-03 14:14:00][0m Enabling required GCP services...
-e [0;32m[2025-07-03 14:14:02][0m Enabled service: run.googleapis.com
-e [0;32m[2025-07-03 14:14:03][0m Enabled service: cloudbuild.googleapis.com
-e [0;32m[2025-07-03 14:14:04][0m Enabled service: bigquery.googleapis.com
-e [0;32m[2025-07-03 14:14:06][0m Enabled service: cloudscheduler.googleapis.com
-e [0;32m[2025-07-03 14:14:06][0m Setting up service account for dbt job...
-e [0;32m[2025-07-03 14:14:08][0m Service account 'measure-dbt-sa@ga4-9fwr.iam.gserviceaccount.com' exists
-e [0;32m[2025-07-03 14:14:08][0m Configuring BigQuery permissions...
-e [0;32m[2025-07-03 14:14:09][0m Role 'roles/bigquery.dataEditor' already granted
-e [0;32m[2025-07-03 14:14:10][0m Role 'roles/bigquery.jobUser' already granted
-e [0;32m[2025-07-03 14:14:11][0m Role 'roles/bigquery.user' already granted
-e [0;32m[2025-07-03 14:14:13][0m Role 'roles/run.invoker' already granted
-e [0;32m[2025-07-03 14:14:13][0m Configuring dataset-specific permissions...
-e [0;32m[2025-07-03 14:14:15][0m Dataset 'measure_js_analytics' exists, granting write permissions...
-e [1;33m[2025-07-03 14:14:16] WARNING:[0m Failed to grant dataset write permissions (may already exist)
-e [0;32m[2025-07-03 14:14:16][0m BigQuery permissions configured successfully
-e [0;32m[2025-07-03 14:14:16][0m Configuring Cloud Run permissions...
-e [0;32m[2025-07-03 14:14:31][0m Loading environment variables from /Users/lorenzschrader/code/9fwr/measure-js/measure-js/.env...
-e [0;32m[2025-07-03 14:14:31][0m Starting dbt deployment process...
-e [0;32m[2025-07-03 14:14:31][0m Validating environment variables...
-e [0;32m[2025-07-03 14:14:31][0m All required environment variables are set
-e [0;32m[2025-07-03 14:14:31][0m Checking dependencies...
-e [0;32m[2025-07-03 14:14:31][0m All dependencies are available
-e [0;32m[2025-07-03 14:14:31][0m Checking BigQuery authentication...
-e [0;32m[2025-07-03 14:14:33][0m BigQuery authentication verified
-e [0;32m[2025-07-03 14:14:33][0m Validating dbt Dockerfile...
-e [0;32m[2025-07-03 14:14:33][0m dbt Dockerfile validation completed
-e [0;32m[2025-07-03 14:14:33][0m Checking GCP authentication...
-e [0;32m[2025-07-03 14:14:34][0m Authenticated as: lorenz@9fwr.com
-e [0;32m[2025-07-03 14:14:35][0m User has sufficient permissions
-e [0;32m[2025-07-03 14:14:35][0m Setting up GCP project...
-e [0;32m[2025-07-03 14:14:36][0m Project 'ga4-9fwr' exists
-e [0;32m[2025-07-03 14:14:38][0m Checking billing status...
-e [0;32m[2025-07-03 14:14:38][0m Billing is enabled
-e [0;32m[2025-07-03 14:14:38][0m Enabling required GCP services...
-e [0;32m[2025-07-03 14:14:39][0m Enabled service: run.googleapis.com
-e [0;32m[2025-07-03 14:14:40][0m Enabled service: cloudbuild.googleapis.com
-e [0;32m[2025-07-03 14:14:42][0m Enabled service: bigquery.googleapis.com
-e [0;32m[2025-07-03 14:14:43][0m Enabled service: cloudscheduler.googleapis.com
-e [0;32m[2025-07-03 14:14:43][0m Setting up service account for dbt job...
-e [0;32m[2025-07-03 14:14:44][0m Service account 'measure-dbt-sa@ga4-9fwr.iam.gserviceaccount.com' exists
-e [0;32m[2025-07-03 14:14:44][0m Configuring BigQuery permissions...
-e [0;32m[2025-07-03 14:14:45][0m Role 'roles/bigquery.dataEditor' already granted
-e [0;32m[2025-07-03 14:14:46][0m Role 'roles/bigquery.jobUser' already granted
-e [0;32m[2025-07-03 14:14:47][0m Role 'roles/bigquery.user' already granted
-e [0;32m[2025-07-03 14:14:49][0m Role 'roles/run.invoker' already granted
-e [0;32m[2025-07-03 14:14:49][0m Configuring dataset-specific permissions...
-e [0;32m[2025-07-03 14:14:51][0m Dataset 'measure_js_analytics' exists, granting write permissions...
-e [1;33m[2025-07-03 14:14:52] WARNING:[0m Failed to grant dataset write permissions (may already exist)
-e [0;32m[2025-07-03 14:14:52][0m BigQuery permissions configured successfully
-e [0;32m[2025-07-03 14:14:52][0m Configuring Cloud Run permissions...
-e [0;32m[2025-07-03 14:14:54][0m Loading environment variables from /Users/lorenzschrader/code/9fwr/measure-js/measure-js/.env...
-e [0;32m[2025-07-03 14:14:54][0m Starting dbt deployment process...
-e [0;32m[2025-07-03 14:14:54][0m Validating environment variables...
-e [0;32m[2025-07-03 14:14:54][0m All required environment variables are set
-e [0;32m[2025-07-03 14:14:54][0m Checking dependencies...
-e [0;32m[2025-07-03 14:14:54][0m All dependencies are available
-e [0;32m[2025-07-03 14:14:54][0m Checking BigQuery authentication...
-e [0;32m[2025-07-03 14:14:56][0m BigQuery authentication verified
-e [0;32m[2025-07-03 14:14:56][0m Validating dbt Dockerfile...
-e [0;32m[2025-07-03 14:14:56][0m dbt Dockerfile validation completed
-e [0;32m[2025-07-03 14:14:56][0m Checking GCP authentication...
-e [0;32m[2025-07-03 14:14:56][0m Authenticated as: lorenz@9fwr.com
-e [0;32m[2025-07-03 14:14:58][0m User has sufficient permissions
-e [0;32m[2025-07-03 14:14:58][0m Setting up GCP project...
-e [0;32m[2025-07-03 14:14:59][0m Project 'ga4-9fwr' exists
-e [0;32m[2025-07-03 14:14:59][0m Checking billing status...
-e [0;32m[2025-07-03 14:15:00][0m Billing is enabled
-e [0;32m[2025-07-03 14:15:00][0m Enabling required GCP services...
-e [0;32m[2025-07-03 14:15:01][0m Enabled service: run.googleapis.com
-e [0;32m[2025-07-03 14:15:03][0m Enabled service: cloudbuild.googleapis.com
-e [0;32m[2025-07-03 14:15:05][0m Enabled service: bigquery.googleapis.com
-e [0;32m[2025-07-03 14:15:06][0m Enabled service: cloudscheduler.googleapis.com
-e [0;32m[2025-07-03 14:15:06][0m Setting up service account for dbt job...
-e [0;32m[2025-07-03 14:15:06][0m Service account 'measure-dbt-sa@ga4-9fwr.iam.gserviceaccount.com' exists
-e [0;32m[2025-07-03 14:15:06][0m Configuring BigQuery permissions...
-e [0;32m[2025-07-03 14:15:07][0m Role 'roles/bigquery.dataEditor' already granted
-e [0;32m[2025-07-03 14:15:09][0m Role 'roles/bigquery.jobUser' already granted
-e [0;32m[2025-07-03 14:15:10][0m Role 'roles/bigquery.user' already granted
-e [0;32m[2025-07-03 14:15:11][0m Role 'roles/run.invoker' already granted
-e [0;32m[2025-07-03 14:15:11][0m Configuring dataset-specific permissions...
-e [0;32m[2025-07-03 14:15:12][0m Dataset 'measure_js_analytics' exists, granting write permissions...
-e [1;33m[2025-07-03 14:15:14] WARNING:[0m Failed to grant dataset write permissions (may already exist)
-e [0;32m[2025-07-03 14:15:14][0m BigQuery permissions configured successfully
-e [0;32m[2025-07-03 14:15:14][0m Configuring Cloud Run permissions...
-e [0;32m[2025-07-03 14:15:16][0m Cloud Run Invoker role already granted
-e [0;32m[2025-07-03 14:15:16][0m Granting self-invocation permissions...
-e [0;32m[2025-07-03 14:15:17][0m Cloud Run permissions configured successfully
-e [0;32m[2025-07-03 14:15:17][0m Building dbt Docker image...
-e [0;32m[2025-07-03 14:16:46][0m dbt image built successfully: gcr.io/ga4-9fwr/measure-dbt-job
-e [0;32m[2025-07-03 14:16:46][0m Creating Cloud Run job...
-e [0;32m[2025-07-03 14:16:47][0m Updating existing Cloud Run job...
-e [0;32m[2025-07-03 14:16:50][0m Cloud Run job updated successfully
-e [0;32m[2025-07-03 14:16:53][0m Setting up Cloud Scheduler...
-e [0;32m[2025-07-03 14:16:54][0m Updating existing scheduler job...
-e [0;32m[2025-07-03 14:16:55][0m Scheduler job updated successfully
-e [0;32m[2025-07-03 14:16:57][0m Testing dbt deployment...
-e [0;32m[2025-07-03 14:16:57][0m Running test execution...
-e [0;32m[2025-07-03 14:17:34][0m Test execution completed: measure-dbt-job-kbvc9
-e [0;32m[2025-07-03 14:17:34][0m Recent execution logs:
-e [0;32m[2025-07-03 14:17:36][0m dbt deployment completed successfully!
-e [0;32m[2025-07-03 14:17:36][0m Deployment process completed successfully!
-e [0;32m[2025-07-03 14:17:36][0m Check the full log at: /Users/lorenzschrader/code/9fwr/measure-js/measure-js/infrastructure/scripts/dbt_deploy.log
-e [0;32m[2025-07-03 14:18:28][0m Loading environment variables from /Users/lorenzschrader/code/9fwr/measure-js/measure-js/.env...
-e [0;32m[2025-07-03 14:18:28][0m Starting dbt deployment process...
-e [0;32m[2025-07-03 14:18:28][0m Validating environment variables...
-e [0;32m[2025-07-03 14:18:28][0m All required environment variables are set
-e [0;32m[2025-07-03 14:18:28][0m Checking dependencies...
-e [0;32m[2025-07-03 14:18:28][0m All dependencies are available
-e [0;32m[2025-07-03 14:18:28][0m Checking BigQuery authentication...
-e [0;32m[2025-07-03 14:18:30][0m BigQuery authentication verified
-e [0;32m[2025-07-03 14:18:30][0m Validating dbt Dockerfile...
-e [0;32m[2025-07-03 14:18:30][0m dbt Dockerfile validation completed
-e [0;32m[2025-07-03 14:18:30][0m Checking GCP authentication...
-e [0;32m[2025-07-03 14:18:30][0m Authenticated as: lorenz@9fwr.com
-e [0;32m[2025-07-03 14:18:31][0m User has sufficient permissions
-e [0;32m[2025-07-03 14:18:31][0m Setting up GCP project...
-e [0;32m[2025-07-03 14:18:33][0m Project 'ga4-9fwr' exists
-e [0;32m[2025-07-03 14:18:33][0m Checking billing status...
-e [0;32m[2025-07-03 14:18:35][0m Billing is enabled
-e [0;32m[2025-07-03 14:18:35][0m Enabling required GCP services...
-e [0;32m[2025-07-03 14:18:36][0m Enabled service: run.googleapis.com
-e [0;32m[2025-07-03 14:18:37][0m Enabled service: cloudbuild.googleapis.com
-e [0;32m[2025-07-03 14:18:39][0m Enabled service: bigquery.googleapis.com
-e [0;32m[2025-07-03 14:18:40][0m Enabled service: cloudscheduler.googleapis.com
-e [0;32m[2025-07-03 14:18:40][0m Setting up service account for dbt job...
-e [0;32m[2025-07-03 14:18:41][0m Service account 'measure-dbt-sa@ga4-9fwr.iam.gserviceaccount.com' exists
-e [0;32m[2025-07-03 14:18:41][0m Configuring BigQuery permissions...
-e [0;32m[2025-07-03 14:18:43][0m Role 'roles/bigquery.dataEditor' already granted
-e [0;32m[2025-07-03 14:18:44][0m Role 'roles/bigquery.jobUser' already granted
-e [0;32m[2025-07-03 14:18:45][0m Role 'roles/bigquery.user' already granted
-e [0;32m[2025-07-03 14:18:47][0m Role 'roles/run.invoker' already granted
-e [0;32m[2025-07-03 14:18:47][0m Configuring dataset-specific permissions...
-e [0;32m[2025-07-03 14:18:48][0m Dataset 'measure_js_analytics' exists, granting write permissions...
-e [1;33m[2025-07-03 14:18:50] WARNING:[0m Failed to grant dataset write permissions (may already exist)
-e [0;32m[2025-07-03 14:18:50][0m BigQuery permissions configured successfully
-e [0;32m[2025-07-03 14:18:50][0m Configuring Cloud Run permissions...
-e [0;32m[2025-07-03 14:18:51][0m Cloud Run Invoker role already granted
-e [0;32m[2025-07-03 14:18:51][0m Granting self-invocation permissions...
-e [0;32m[2025-07-03 14:18:53][0m Cloud Run permissions configured successfully
-e [0;32m[2025-07-03 14:18:53][0m Building dbt Docker image...
-e [0;32m[2025-07-03 14:20:17][0m dbt image built successfully: gcr.io/ga4-9fwr/measure-dbt-job
-e [0;32m[2025-07-03 14:20:17][0m Creating Cloud Run job...
-e [0;32m[2025-07-03 14:20:18][0m Updating existing Cloud Run job...
-e [0;32m[2025-07-03 14:20:21][0m Cloud Run job updated successfully
-e [0;32m[2025-07-03 14:22:57][0m Setting up Cloud Scheduler...
-e [0;32m[2025-07-03 14:22:58][0m Updating existing scheduler job...
-e [0;32m[2025-07-03 14:22:59][0m Scheduler job updated successfully
-e [0;32m[2025-07-03 14:23:02][0m Testing dbt deployment...
-e [0;32m[2025-07-03 14:23:02][0m Running test execution...
-e [0;32m[2025-07-03 14:23:35][0m Test execution completed: measure-dbt-job-gvvsd
-e [0;32m[2025-07-03 14:23:35][0m Recent execution logs:
-e [0;32m[2025-07-03 14:23:37][0m dbt deployment completed successfully!
-e [0;32m[2025-07-03 14:23:37][0m Deployment process completed successfully!
-e [0;32m[2025-07-03 14:23:37][0m Check the full log at: /Users/lorenzschrader/code/9fwr/measure-js/measure-js/infrastructure/scripts/dbt_deploy.log
-e [0;32m[2025-07-03 14:29:08][0m Loading environment variables from /Users/lorenzschrader/code/9fwr/measure-js/measure-js/.env...
-e [0;32m[2025-07-03 14:29:08][0m Starting dbt deployment process...
-e [0;32m[2025-07-03 14:29:08][0m Validating environment variables...
-e [0;32m[2025-07-03 14:29:08][0m All required environment variables are set
-e [0;32m[2025-07-03 14:29:08][0m Checking dependencies...
-e [0;32m[2025-07-03 14:29:08][0m All dependencies are available
-e [0;32m[2025-07-03 14:29:08][0m Checking BigQuery authentication...
-e [0;32m[2025-07-03 14:29:10][0m BigQuery authentication verified
-e [0;32m[2025-07-03 14:29:10][0m Validating dbt Dockerfile...
-e [0;32m[2025-07-03 14:29:10][0m dbt Dockerfile validation completed
-e [0;32m[2025-07-03 14:29:10][0m Checking GCP authentication...
-e [0;32m[2025-07-03 14:29:11][0m Authenticated as: lorenz@9fwr.com
-e [0;32m[2025-07-03 14:29:12][0m User has sufficient permissions
-e [0;32m[2025-07-03 14:29:12][0m Setting up GCP project...
-e [0;32m[2025-07-03 14:29:13][0m Project 'ga4-9fwr' exists
-e [0;32m[2025-07-03 14:29:15][0m Checking billing status...
-e [0;32m[2025-07-03 14:29:16][0m Billing is enabled
-e [0;32m[2025-07-03 14:29:16][0m Enabling required GCP services...
-e [0;32m[2025-07-03 14:29:17][0m Enabled service: run.googleapis.com
-e [0;32m[2025-07-03 14:29:18][0m Enabled service: cloudbuild.googleapis.com
-e [0;32m[2025-07-03 14:29:20][0m Enabled service: bigquery.googleapis.com
-e [0;32m[2025-07-03 14:29:21][0m Enabled service: cloudscheduler.googleapis.com
-e [0;32m[2025-07-03 14:29:21][0m Setting up service account for dbt job...
-e [0;32m[2025-07-03 14:29:22][0m Service account 'measure-dbt-sa@ga4-9fwr.iam.gserviceaccount.com' exists
-e [0;32m[2025-07-03 14:29:22][0m Configuring BigQuery permissions...
-e [0;32m[2025-07-03 14:29:23][0m Role 'roles/bigquery.dataEditor' already granted
-e [0;32m[2025-07-03 14:29:25][0m Role 'roles/bigquery.jobUser' already granted
-e [0;32m[2025-07-03 14:29:26][0m Role 'roles/bigquery.user' already granted
-e [0;32m[2025-07-03 14:29:27][0m Role 'roles/run.invoker' already granted
-e [0;32m[2025-07-03 14:29:27][0m Configuring dataset-specific permissions...
-e [0;32m[2025-07-03 14:29:29][0m Dataset 'measure_js_analytics' exists, granting write permissions...
-e [1;33m[2025-07-03 14:29:30] WARNING:[0m Failed to grant dataset write permissions (may already exist)
-e [0;32m[2025-07-03 14:29:30][0m Configuring source table permissions...
-e [0;32m[2025-07-03 14:29:32][0m Table 'events' exists, granting read permissions...
-e [1;33m[2025-07-03 14:29:34] WARNING:[0m Failed to grant table read permissions (may already exist)
-e [0;32m[2025-07-03 14:29:34][0m BigQuery permissions configured successfully
-e [0;32m[2025-07-03 14:29:34][0m Configuring Cloud Run permissions...
-e [0;32m[2025-07-03 14:29:35][0m Cloud Run Invoker role already granted
-e [0;32m[2025-07-03 14:29:35][0m Granting self-invocation permissions...
-e [0;32m[2025-07-03 14:29:38][0m Cloud Run permissions configured successfully
-e [0;32m[2025-07-03 14:29:38][0m Building dbt Docker image...
-e [0;32m[2025-07-03 14:31:04][0m dbt image built successfully: gcr.io/ga4-9fwr/measure-dbt-job
-e [0;32m[2025-07-03 14:31:04][0m Creating Cloud Run job...
-e [0;32m[2025-07-03 14:31:05][0m Updating existing Cloud Run job...
-e [0;32m[2025-07-03 14:31:08][0m Cloud Run job updated successfully
-e [0;32m[2025-07-03 15:04:05][0m Setting up Cloud Scheduler...
-e [0;32m[2025-07-03 15:04:06][0m Updating existing scheduler job...
-e [0;32m[2025-07-03 15:04:07][0m Scheduler job updated successfully
-e [0;32m[2025-07-03 15:04:09][0m Testing dbt deployment...
-e [0;32m[2025-07-03 15:04:09][0m Running test execution...
-e [0;32m[2025-07-03 15:04:48][0m Test execution completed: measure-dbt-job-zzfmz
-e [0;32m[2025-07-03 15:04:48][0m Recent execution logs:
-e [0;32m[2025-07-03 15:04:50][0m dbt deployment completed successfully!
-e [0;32m[2025-07-03 15:04:50][0m Deployment process completed successfully!
-e [0;32m[2025-07-03 15:04:50][0m Check the full log at: /Users/lorenzschrader/code/9fwr/measure-js/measure-js/infrastructure/scripts/dbt_deploy.log
-e [0;32m[2025-07-04 12:35:25][0m Loading environment variables from /Users/lorenzschrader/code/9fwr/measure-js/measure-js/.env...
-e [0;32m[2025-07-04 12:35:25][0m Starting dbt deployment process...
-e [0;32m[2025-07-04 12:35:25][0m Validating environment variables...
-e [0;32m[2025-07-04 12:35:25][0m All required environment variables are set
-e [0;32m[2025-07-04 12:35:25][0m Checking dependencies...
-e [0;32m[2025-07-04 12:35:25][0m All dependencies are available
-e [0;32m[2025-07-04 12:35:25][0m Checking BigQuery authentication...
-e [0;32m[2025-07-04 12:35:28][0m BigQuery authentication verified
-e [0;32m[2025-07-04 12:35:28][0m Validating dbt Dockerfile...
-e [0;32m[2025-07-04 12:35:28][0m dbt Dockerfile validation completed
-e [0;32m[2025-07-04 12:35:28][0m Checking GCP authentication...
-e [0;32m[2025-07-04 12:35:28][0m Authenticated as: lorenz@9fwr.com
-e [0;32m[2025-07-04 12:35:29][0m User has sufficient permissions
-e [0;32m[2025-07-04 12:35:29][0m Setting up GCP project...
-e [0;32m[2025-07-04 12:35:30][0m Project 'ga4-9fwr' exists
-e [0;32m[2025-07-04 12:35:31][0m Checking billing status...
-e [0;32m[2025-07-04 12:35:32][0m Billing is enabled
-e [0;32m[2025-07-04 12:35:32][0m Enabling required GCP services...
-e [0;32m[2025-07-04 12:35:34][0m Enabled service: run.googleapis.com
-e [0;32m[2025-07-04 12:35:35][0m Enabled service: cloudbuild.googleapis.com
-e [0;32m[2025-07-04 12:35:36][0m Enabled service: bigquery.googleapis.com
-e [0;32m[2025-07-04 12:35:37][0m Enabled service: cloudscheduler.googleapis.com
-e [0;32m[2025-07-04 12:35:37][0m Setting up service account for dbt job...
-e [0;32m[2025-07-04 12:35:38][0m Service account 'measure-dbt-sa@ga4-9fwr.iam.gserviceaccount.com' exists
-e [0;32m[2025-07-04 12:35:38][0m Configuring BigQuery permissions...
-e [0;32m[2025-07-04 12:38:03][0m Granted role: roles/bigquery.dataEditor
-e [0;32m[2025-07-04 12:38:04][0m Role 'roles/bigquery.jobUser' already granted
-e [0;32m[2025-07-04 12:38:05][0m Role 'roles/bigquery.user' already granted
-e [0;32m[2025-07-04 12:38:05][0m Configuring dataset-specific access...
-e [0;32m[2025-07-04 12:38:07][0m Setting up dataset access control...
-e [0;32m[2025-07-04 12:38:09][0m Adding service account WRITER access to dataset...
-e [0;32m[2025-07-04 12:38:12][0m Dataset access configured successfully
-e [0;32m[2025-07-04 12:38:12][0m Verifying source table access...
-e [0;32m[2025-07-04 12:38:14][0m Source table 'events' exists and is accessible
-e [0;32m[2025-07-04 12:38:15][0m Service account can read from source table
-e [0;32m[2025-07-04 12:38:15][0m BigQuery permissions configured successfully
-e [0;32m[2025-07-04 12:38:15][0m Building dbt Docker image...
-e [0;32m[2025-07-04 12:39:43][0m dbt image built successfully: gcr.io/ga4-9fwr/measure-dbt-job
-e [0;32m[2025-07-04 12:39:43][0m Creating Cloud Run job...
-e [0;32m[2025-07-04 12:39:44][0m Updating existing Cloud Run job...
-e [0;32m[2025-07-04 12:39:47][0m Cloud Run job updated successfully
-e [0;32m[2025-07-04 12:39:47][0m Configuring job-level permissions...
-e [0;32m[2025-07-04 12:39:49][0m Job-level permissions configured
-e [0;32m[2025-07-04 12:40:03][0m Setting up Cloud Scheduler...
-e [0;32m[2025-07-04 12:40:04][0m Updating existing scheduler job...
-e [0;32m[2025-07-04 12:40:05][0m Scheduler job updated successfully
-e [0;32m[2025-07-04 12:40:11][0m Testing dbt deployment...
-e [0;32m[2025-07-04 12:40:11][0m Running test execution...
-e [0;32m[2025-07-04 12:40:47][0m Test execution completed: measure-dbt-job-fjlmg
-e [0;32m[2025-07-04 12:40:47][0m Recent execution logs:
-e [1;33m[2025-07-04 12:40:48] WARNING:[0m Failed to retrieve logs
-e [0;32m[2025-07-04 12:40:48][0m dbt deployment completed successfully!
-e [0;32m[2025-07-04 12:40:48][0m Deployment process completed successfully!
-e [0;32m[2025-07-04 12:40:48][0m Check the full log at: /Users/lorenzschrader/code/9fwr/measure-js/measure-js/infrastructure/scripts/dbt_deploy.log
