-e [0;32m[2025-07-03 11:01:42][0m Loading environment variables from /Users/lorenzschrader/code/9fwr/measure-js/measure-js/.env...
-e [0;32m[2025-07-03 11:01:42][0m Starting deployment process...
-e [0;32m[2025-07-03 11:01:42][0m Validating environment variables...
-e [0;32m[2025-07-03 11:01:42][0m All required environment variables are set
-e [0;32m[2025-07-03 11:01:42][0m Checking dependencies...
-e [0;32m[2025-07-03 11:01:42][0m All dependencies are available
-e [0;32m[2025-07-03 11:01:42][0m Checking GCP authentication...
-e [0;32m[2025-07-03 11:01:43][0m Authenticated as: lorenz@9fwr.com
-e [0;32m[2025-07-03 11:01:44][0m User has sufficient permissions
-e [0;32m[2025-07-03 11:01:44][0m Setting up GCP project...
-e [0;32m[2025-07-03 11:01:45][0m Project 'ga4-9fwr' exists
-e [0;32m[2025-07-03 11:01:46][0m Checking billing status...
-e [0;32m[2025-07-03 11:01:48][0m Billing is enabled
-e [0;32m[2025-07-03 11:01:48][0m Enabling required GCP services...
-e [0;32m[2025-07-03 11:01:49][0m Enabled service: run.googleapis.com
-e [0;32m[2025-07-03 11:01:50][0m Enabled service: cloudbuild.googleapis.com
-e [0;32m[2025-07-03 11:01:52][0m Enabled service: bigquery.googleapis.com
-e [0;32m[2025-07-03 11:01:53][0m Enabled service: firestore.googleapis.com
-e [0;32m[2025-07-03 11:01:53][0m Setting up BigQuery resources...
-e [0;32m[2025-07-03 11:01:55][0m Dataset 'measure_js_analytics' exists
-e [0;32m[2025-07-03 11:02:01][0m Created table: events
-e [0;32m[2025-07-03 11:02:01][0m Setting up service account...
-e [0;32m[2025-07-03 11:02:02][0m Service account 'measure-app@ga4-9fwr.iam.gserviceaccount.com' exists
-e [0;32m[2025-07-03 11:02:02][0m Configuring BigQuery access...
-e [0;32m[2025-07-03 11:02:04][0m BigQuery access already configured for service account
-e [0;32m[2025-07-03 11:02:04][0m Configuring Firestore access...
-e [0;32m[2025-07-03 11:02:05][0m Firestore access already configured
-e [0;32m[2025-07-03 11:02:05][0m Building and deploying application...
-e [0;32m[2025-07-03 11:02:05][0m Building Docker image...
-e [0;31m[2025-07-03 11:02:06] ERROR:[0m Failed to build image
-e [0;32m[2025-07-03 11:04:42][0m Loading environment variables from /Users/lorenzschrader/code/9fwr/measure-js/measure-js/.env...
-e [0;32m[2025-07-03 11:04:42][0m Starting deployment process...
-e [0;32m[2025-07-03 11:04:42][0m Validating environment variables...
-e [0;32m[2025-07-03 11:04:42][0m All required environment variables are set
-e [0;32m[2025-07-03 11:04:42][0m Checking dependencies...
-e [0;32m[2025-07-03 11:04:42][0m All dependencies are available
-e [0;32m[2025-07-03 11:04:42][0m Checking GCP authentication...
-e [0;32m[2025-07-03 11:04:43][0m Authenticated as: lorenz@9fwr.com
-e [0;32m[2025-07-03 11:04:44][0m User has sufficient permissions
-e [0;32m[2025-07-03 11:04:44][0m Setting up GCP project...
-e [0;32m[2025-07-03 11:04:46][0m Project 'ga4-9fwr' exists
-e [0;32m[2025-07-03 11:04:47][0m Checking billing status...
-e [0;32m[2025-07-03 11:04:47][0m Billing is enabled
-e [0;32m[2025-07-03 11:04:47][0m Enabling required GCP services...
-e [0;32m[2025-07-03 11:04:49][0m Enabled service: run.googleapis.com
-e [0;32m[2025-07-03 11:04:51][0m Enabled service: cloudbuild.googleapis.com
-e [0;32m[2025-07-03 11:04:52][0m Enabled service: bigquery.googleapis.com
-e [0;32m[2025-07-03 11:04:54][0m Enabled service: firestore.googleapis.com
-e [0;32m[2025-07-03 11:04:54][0m Setting up BigQuery resources...
-e [0;32m[2025-07-03 11:04:56][0m Dataset 'measure_js_analytics' exists
-e [0;32m[2025-07-03 11:04:57][0m Table 'events' exists
-e [0;32m[2025-07-03 11:04:57][0m Setting up service account...
-e [0;32m[2025-07-03 11:04:58][0m Service account 'measure-app@ga4-9fwr.iam.gserviceaccount.com' exists
-e [0;32m[2025-07-03 11:04:58][0m Configuring BigQuery access...
-e [0;32m[2025-07-03 11:05:00][0m BigQuery access already configured for service account
-e [0;32m[2025-07-03 11:05:00][0m Configuring Firestore access...
-e [0;32m[2025-07-03 11:05:01][0m Firestore access already configured
-e [0;32m[2025-07-03 11:05:01][0m Building and deploying application...
-e [0;32m[2025-07-03 11:05:01][0m Building Docker image...
-e [0;32m[2025-07-03 11:05:49][0m Deploying to Cloud Run...
-e [0;31m[2025-07-03 11:05:50] ERROR:[0m Failed to deploy to Cloud Run
-e [0;32m[2025-07-03 11:11:31][0m Loading environment variables from /Users/lorenzschrader/code/9fwr/measure-js/measure-js/.env...
-e [0;32m[2025-07-03 11:11:31][0m Starting deployment process...
-e [0;32m[2025-07-03 11:11:31][0m Validating environment variables...
-e [0;32m[2025-07-03 11:11:31][0m All required environment variables are set
-e [0;32m[2025-07-03 11:11:31][0m Checking dependencies...
-e [0;32m[2025-07-03 11:11:31][0m All dependencies are available
-e [0;32m[2025-07-03 11:11:31][0m Checking GCP authentication...
-e [0;32m[2025-07-03 11:11:32][0m Authenticated as: lorenz@9fwr.com
-e [0;32m[2025-07-03 11:11:33][0m User has sufficient permissions
-e [0;32m[2025-07-03 11:11:33][0m Setting up GCP project...
-e [0;32m[2025-07-03 11:11:34][0m Project 'ga4-9fwr' exists
-e [0;32m[2025-07-03 11:11:35][0m Checking billing status...
-e [0;32m[2025-07-03 11:11:36][0m Billing is enabled
-e [0;32m[2025-07-03 11:11:36][0m Enabling required GCP services...
-e [0;32m[2025-07-03 11:11:37][0m Enabled service: run.googleapis.com
-e [0;32m[2025-07-03 11:11:39][0m Enabled service: cloudbuild.googleapis.com
-e [0;32m[2025-07-03 11:11:41][0m Enabled service: bigquery.googleapis.com
-e [0;32m[2025-07-03 11:11:41][0m Enabled service: firestore.googleapis.com
-e [0;32m[2025-07-03 11:11:41][0m Setting up BigQuery resources...
-e [0;32m[2025-07-03 11:11:43][0m Dataset 'measure_js_analytics' exists
-e [0;32m[2025-07-03 11:11:45][0m Table 'events' exists
-e [0;32m[2025-07-03 11:11:45][0m Setting up service account...
-e [0;32m[2025-07-03 11:11:46][0m Service account 'measure-app@ga4-9fwr.iam.gserviceaccount.com' exists
-e [0;32m[2025-07-03 11:11:46][0m Configuring BigQuery access...
-e [0;32m[2025-07-03 11:11:48][0m BigQuery access already configured for service account
-e [0;32m[2025-07-03 11:11:48][0m Configuring Firestore access...
-e [0;32m[2025-07-03 11:11:49][0m Firestore access already configured
-e [0;32m[2025-07-03 11:11:49][0m Building and deploying application...
-e [0;32m[2025-07-03 11:11:49][0m Building Docker image...
-e [0;32m[2025-07-03 11:12:32][0m Deploying to Cloud Run...
-e [0;31m[2025-07-03 11:12:34] ERROR:[0m Failed to deploy to Cloud Run
-e [0;32m[2025-07-03 11:15:14][0m Loading environment variables from /Users/lorenzschrader/code/9fwr/measure-js/measure-js/.env...
-e [0;32m[2025-07-03 11:15:14][0m Starting deployment process...
-e [0;32m[2025-07-03 11:15:14][0m Validating environment variables...
-e [0;32m[2025-07-03 11:15:14][0m All required environment variables are set
-e [0;32m[2025-07-03 11:15:14][0m Checking dependencies...
-e [0;32m[2025-07-03 11:15:14][0m All dependencies are available
-e [0;32m[2025-07-03 11:15:14][0m Checking GCP authentication...
-e [0;32m[2025-07-03 11:15:14][0m Authenticated as: lorenz@9fwr.com
-e [0;32m[2025-07-03 11:15:15][0m User has sufficient permissions
-e [0;32m[2025-07-03 11:15:15][0m Setting up GCP project...
-e [0;32m[2025-07-03 11:15:16][0m Project 'ga4-9fwr' exists
-e [0;32m[2025-07-03 11:15:17][0m Checking billing status...
-e [0;32m[2025-07-03 11:15:18][0m Billing is enabled
-e [0;32m[2025-07-03 11:15:18][0m Enabling required GCP services...
-e [0;32m[2025-07-03 11:15:20][0m Enabled service: run.googleapis.com
-e [0;32m[2025-07-03 11:15:21][0m Enabled service: cloudbuild.googleapis.com
-e [0;32m[2025-07-03 11:15:23][0m Enabled service: bigquery.googleapis.com
-e [0;32m[2025-07-03 11:15:24][0m Enabled service: firestore.googleapis.com
-e [0;32m[2025-07-03 11:15:24][0m Setting up BigQuery resources...
-e [0;32m[2025-07-03 11:15:26][0m Dataset 'measure_js_analytics' exists
-e [0;32m[2025-07-03 11:15:28][0m Table 'events' exists
-e [0;32m[2025-07-03 11:15:28][0m Setting up service account...
-e [0;32m[2025-07-03 11:15:29][0m Service account 'measure-app@ga4-9fwr.iam.gserviceaccount.com' exists
-e [0;32m[2025-07-03 11:15:29][0m Configuring BigQuery access...
-e [0;32m[2025-07-03 11:15:31][0m BigQuery access already configured for service account
-e [0;32m[2025-07-03 11:15:31][0m Configuring Firestore access...
-e [0;32m[2025-07-03 11:15:32][0m Firestore access already configured
-e [0;32m[2025-07-03 11:15:32][0m Building and deploying application...
-e [0;32m[2025-07-03 11:15:32][0m Building Docker image...
-e [0;32m[2025-07-03 11:16:17][0m Deploying to Cloud Run...
-e [0;32m[2025-07-03 11:16:39][0m Deployment completed successfully!
-e [0;32m[2025-07-03 11:16:39][0m Service URL: https://measure-app-johql2fxpq-ey.a.run.app
-e [0;32m[2025-07-03 11:16:39][0m Generating SDK with endpoint: https://measure-app-johql2fxpq-ey.a.run.app
-e [0;32m[2025-07-03 11:16:39][0m SDK generated at: /Users/lorenzschrader/code/9fwr/measure-js/measure-js/static/measure.js
-e [0;32m[2025-07-03 11:16:39][0m Users can now include this SDK in their websites
-e [0;32m[2025-07-03 11:16:39][0m Performing health check...
-e [0;32m[2025-07-03 11:16:40][0m Health check passed
-e [0;32m[2025-07-03 11:16:40][0m Deployment process completed successfully!
-e [0;32m[2025-07-03 11:16:40][0m Check the full log at: /Users/lorenzschrader/code/9fwr/measure-js/measure-js/infrastructure/scripts/deploy.log
